This is XeTeX, Version 3.1415926-2.5-0.9999.3 (TeX Live 2013) (format=xelatex 2013.5.30)  9 FEB 2015 03:17
entering extended mode
 restricted \write18 enabled.
 file:line:error style messages enabled.
 %&-line parsing enabled.
**formal_letter_2.tex
(./formal_letter_2.tex
LaTeX2e <2011/06/27>
Babel <3.9f> and hyphenation patterns for 78 languages loaded.
(/usr/local/texlive/2013/texmf-dist/tex/latex/koma-script/scrlttr2.cls
Document Class: scrlttr2 2012/07/29 v3.11b KOMA-Script document class (letter)
(/usr/local/texlive/2013/texmf-dist/tex/latex/koma-script/scrkbase.sty
Package: scrkbase 2012/07/29 v3.11b KOMA-Script package (KOMA-Script-dependent 
basics and keyval usage)

(/usr/local/texlive/2013/texmf-dist/tex/latex/koma-script/scrbase.sty
Package: scrbase 2012/07/29 v3.11b KOMA-Script package (KOMA-Script-independent
 basics and keyval usage)

(/usr/local/texlive/2013/texmf-dist/tex/latex/graphics/keyval.sty
Package: keyval 1999/03/16 v1.13 key=value parser (DPC)
\KV@toks@=\toks14
)
(/usr/local/texlive/2013/texmf-dist/tex/latex/koma-script/scrlfile.sty
Package: scrlfile 2012/06/15 v3.12 KOMA-Script package (loading files)

Package scrlfile, 2012/06/15 v3.12 KOMA-Script package (loading files)
                  Copyright (C) Markus Kohm

)))
Class scrlttr2 Info: File `scrsize12pt.clo' used instead of
(scrlttr2)           file `scrsize12.clo' to setup font sizes on input line 117
4.
 (/usr/local/texlive/2013/texmf-dist/tex/latex/koma-script/scrsize12pt.clo
File: scrsize12pt.clo 2012/07/29 v3.11b KOMA-Script font size class option (12p
t)
)
(/usr/local/texlive/2013/texmf-dist/tex/latex/koma-script/typearea.sty
Package: typearea 2012/07/29 v3.11b KOMA-Script package (type area)

Package typearea, 2012/07/29 v3.11b KOMA-Script package (type area)
                  Copyright (C) Frank Neukam, 1992-1994
                  Copyright (C) Markus Kohm, 1994-

\ta@bcor=\skip41
\ta@div=\count80
\ta@hblk=\skip42
\ta@vblk=\skip43
\ta@temp=\skip44
Package typearea Info: These are the values describing the layout:
(typearea)             DIV  = 12
(typearea)             BCOR = 0.0pt
(typearea)             \paperwidth      = 597.50793pt
(typearea)              \textwidth      = 448.13095pt
(typearea)              DIV departure   = -6%
(typearea)              \evensidemargin = 2.4185pt
(typearea)              \oddsidemargin  = 2.4185pt
(typearea)             \paperheight     = 845.04694pt
(typearea)              \textheight     = 635.5pt
(typearea)              \topmargin      = -41.72441pt
(typearea)              \headheight     = 18.125pt
(typearea)              \headsep        = 21.75pt
(typearea)              \topskip        = 12.0pt
(typearea)              \footskip       = 50.75pt
(typearea)              \baselineskip   = 14.5pt
(typearea)              on input line 1213.
))
Class scrlttr2 Info: Letter-Class-Option `DIN' loaded on input line 28.
 (/usr/local/texlive/2013/texmf-dist/tex/latex/koma-script/DIN.lco
File: DIN.lco 2012/07/29 v3.11b KOMA-Script letter-class-option
)
(/usr/local/texlive/2013/texmf-dist/tex/generic/babel/babel.sty
Package: babel 2013/05/16 v3.9f The Babel package

(/usr/local/texlive/2013/texmf-dist/tex/generic/babel-english/english.ldf
Language: english 2012/08/20 v3.3p English support from the babel system

(/usr/local/texlive/2013/texmf-dist/tex/generic/babel/babel.def
File: babel.def 2013/05/16 v3.9f Babel common definitions
\babel@savecnt=\count81
\U@D=\dimen102

(/usr/local/texlive/2013/texmf-dist/tex/generic/babel/xebabel.def))
\l@canadian = a dialect from \language\l@american 
\l@australian = a dialect from \language\l@british 
\l@newzealand = a dialect from \language\l@british 
))
(./formal_letter_2.aux)
\openout1 = `formal_letter_2.aux'.

LaTeX Font Info:    Checking defaults for OML/cmm/m/it on input line 45.
LaTeX Font Info:    ... okay on input line 45.
LaTeX Font Info:    Checking defaults for T1/cmr/m/n on input line 45.
LaTeX Font Info:    ... okay on input line 45.
LaTeX Font Info:    Checking defaults for OT1/cmr/m/n on input line 45.
LaTeX Font Info:    ... okay on input line 45.
LaTeX Font Info:    Checking defaults for OMS/cmsy/m/n on input line 45.
LaTeX Font Info:    ... okay on input line 45.
LaTeX Font Info:    Checking defaults for OMX/cmex/m/n on input line 45.
LaTeX Font Info:    ... okay on input line 45.
LaTeX Font Info:    Checking defaults for U/cmr/m/n on input line 45.
LaTeX Font Info:    ... okay on input line 45.
Package scrbase Info: `\ccname' at language `english' already defined
(scrbase)             --> skipped on input line 45.
Package scrbase Info: `\enclname' at language `english' already defined
(scrbase)             --> skipped on input line 45.
Package scrbase Info: `\headtoname' at language `english' already defined
(scrbase)             --> skipped on input line 45.
Package scrbase Info: `\pagename' at language `english' already defined
(scrbase)             --> skipped on input line 45.
Package scrbase Info: No captions found for `USenglish'
(scrbase)             --> skipped on input line 45.
Class scrlttr2 Info: no date found for language `USenglish'
(scrlttr2)           --> skipped on input line 45.
Package scrbase Info: No captions found for `american'
(scrbase)             --> skipped on input line 45.
Class scrlttr2 Info: no date found for language `american'
(scrlttr2)           --> skipped on input line 45.
Package scrbase Info: No captions found for `british'
(scrbase)             --> skipped on input line 45.
Class scrlttr2 Info: no date found for language `british'
(scrlttr2)           --> skipped on input line 45.
Package scrbase Info: No captions found for `UKenglish'
(scrbase)             --> skipped on input line 45.
Class scrlttr2 Info: no date found for language `UKenglish'
(scrlttr2)           --> skipped on input line 45.
Package scrbase Info: No captions found for `german'
(scrbase)             --> skipped on input line 45.
Class scrlttr2 Info: no date found for language `german'
(scrlttr2)           --> skipped on input line 45.
Package scrbase Info: No captions found for `ngerman'
(scrbase)             --> skipped on input line 45.
Class scrlttr2 Info: no date found for language `ngerman'
(scrlttr2)           --> skipped on input line 45.
Package scrbase Info: No captions found for `austrian'
(scrbase)             --> skipped on input line 45.
Class scrlttr2 Info: no date found for language `austrian'
(scrlttr2)           --> skipped on input line 45.
Package scrbase Info: No captions found for `naustrian'
(scrbase)             --> skipped on input line 45.
Class scrlttr2 Info: no date found for language `naustrian'
(scrlttr2)           --> skipped on input line 45.
Package scrbase Info: No captions found for `french'
(scrbase)             --> skipped on input line 45.
Class scrlttr2 Info: no date found for language `french'
(scrlttr2)           --> skipped on input line 45.
Package scrbase Info: No captions found for `italian'
(scrbase)             --> skipped on input line 45.
Class scrlttr2 Info: no date found for language `italian'
(scrlttr2)           --> skipped on input line 45.
Package scrbase Info: No captions found for `spanish'
(scrbase)             --> skipped on input line 45.
Class scrlttr2 Info: no date found for language `spanish'
(scrlttr2)           --> skipped on input line 45.
Package scrbase Info: No captions found for `croatian'
(scrbase)             --> skipped on input line 45.
Class scrlttr2 Info: no date found for language `croatian'
(scrlttr2)           --> skipped on input line 45.
Package scrbase Info: No captions found for `dutch'
(scrbase)             --> skipped on input line 45.
Class scrlttr2 Info: no date found for language `dutch'
(scrlttr2)           --> skipped on input line 45.
Package scrbase Info: No captions found for `finnish'
(scrbase)             --> skipped on input line 45.
Class scrlttr2 Info: no date found for language `finnish'
(scrlttr2)           --> skipped on input line 45.
Package scrbase Info: No captions found for `norsk'
(scrbase)             --> skipped on input line 45.
Class scrlttr2 Info: no date found for language `norsk'
(scrlttr2)           --> skipped on input line 45.
Package scrbase Info: No captions found for `swedish'
(scrbase)             --> skipped on input line 45.
Class scrlttr2 Info: no date found for language `swedish'
(scrlttr2)           --> skipped on input line 45.
Class scrlttr2 Info: used language is `english'.
(scrlttr2)           Supported languages are `english', `UKenglish',
(scrlttr2)           `british', `american', `USenglish',
(scrlttr2)           `german', `ngerman', `austrian', `naustrian',
(scrlttr2)           `dutch', `italian', `spanish',
(scrlttr2)           `croatian', `finnish', `norsk' on input line 45.

Foldmarks: yes
Head of first page
Foot of first page
Address (backaddress, addressee)
LaTeX Font Info:    External font `cmex10' loaded for size
(Font)              <12> on input line 57.
LaTeX Font Info:    External font `cmex10' loaded for size
(Font)              <8> on input line 57.
LaTeX Font Info:    External font `cmex10' loaded for size
(Font)              <6> on input line 57.
Location field: empty
Title: no
Subject: no
[1

] [2] (./formal_letter_2.aux) ) 
Here is how much of TeX's memory you used:
 1560 strings out of 493938
 24186 string characters out of 6148857
 132499 words of memory out of 5000000
 4902 multiletter control sequences out of 15000+600000
 6676 words of font info for 24 fonts, out of 8000000 for 9000
 1144 hyphenation exceptions out of 8191
 35i,9n,43p,531b,197s stack positions out of 5000i,500n,10000p,200000b,80000s

Output written on formal_letter_2.pdf (2 pages).
